<?xml version="1.0" encoding="UTF-8"?>
<!-- Generated by org.testng.reporters.JUnitReportReporter -->
<testsuite hostname="DESKTOP-3L1UQ1U" failures="0" tests="5" name="testPages.LandingPageTest" time="87.296" errors="0" timestamp="2020-06-28T18:32:54 IST" skipped="0">
  <testcase classname="testPages.LandingPageTest" name="verifyLandingPageTitleTest" time="13.571"/>
  <system-out/>
  <testcase classname="testPages.LandingPageTest" name="verifyMyntraImgLogoTest" time="16.220"/>
  <system-out/>
  <testcase classname="testPages.LandingPageTest" name="verifySideBarTest" time="17.481"/>
  <system-out/>
  <testcase classname="testPages.LandingPageTest" name="verifyAppliancesBtnTest" time="19.767"/>
  <system-out/>
  <testcase classname="testPages.LandingPageTest" name="verifySignupBtnTest" time="20.257"/>
  <system-out/>
</testsuite> <!-- testPages.LandingPageTest -->
